This file contains any messages produced by compilers while
running configure, to aid debugging if configure makes a mistake.

It was created by modsecurity configure 2.6, which was
generated by GNU Autoconf 2.65.  Invocation command line was

  $ ./configure --prefix=/opt//vulture/ --exec-prefix=/opt//vulture/

## --------- ##
## Platform. ##
## --------- ##

hostname = Powned
uname -m = i686
uname -r = 2.6.26-2-686
uname -s = Linux
uname -v = #1 SMP Sat Jun 11 14:54:10 UTC 2011

/usr/bin/uname -p = unknown
/bin/uname -X     = unknown

/bin/arch              = unknown
/usr/bin/arch -k       = unknown
/usr/convex/getsysinfo = unknown
/usr/bin/hostinfo      = unknown
/bin/machine           = unknown
/usr/bin/oslevel       = unknown
/bin/universe          = unknown

PATH: /usr/local/bin
PATH: /usr/bin
PATH: /bin
PATH: /usr/games


## ----------- ##
## Core tests. ##
## ----------- ##

configure:2606: checking for a BSD-compatible install
configure:2674: result: /usr/bin/install -c
configure:2685: checking whether build environment is sane
configure:2735: result: yes
configure:2876: checking for a thread-safe mkdir -p
configure:2915: result: /bin/mkdir -p
configure:2928: checking for gawk
configure:2958: result: no
configure:2928: checking for mawk
configure:2944: found /usr/bin/mawk
configure:2955: result: mawk
configure:2966: checking whether make sets $(MAKE)
configure:2988: result: yes
configure:3099: checking build system type
configure:3113: result: i686-pc-linux-gnu
configure:3133: checking host system type
configure:3146: result: i686-pc-linux-gnu
configure:3178: checking for style of include used by make
configure:3206: result: GNU
configure:3276: checking for gcc
configure:3292: found /usr/bin/gcc
configure:3303: result: gcc
configure:3532: checking for C compiler version
configure:3541: gcc --version >&5
gcc (Debian 4.3.2-1.1) 4.3.2
Copyright (C) 2008 Free Software Foundation, Inc.
This is free software; see the source for copying conditions.  There is NO
warranty; not even for MERCHANTABILITY or FITNESS FOR A PARTICULAR PURPOSE.

configure:3552: $? = 0
configure:3541: gcc -v >&5
Using built-in specs.
Target: i486-linux-gnu
Configured with: ../src/configure -v --with-pkgversion='Debian 4.3.2-1.1' --with-bugurl=file:///usr/share/doc/gcc-4.3/README.Bugs --enable-languages=c,c++,fortran,objc,obj-c++ --prefix=/usr --enable-shared --with-system-zlib --libexecdir=/usr/lib --without-included-gettext --enable-threads=posix --enable-nls --with-gxx-include-dir=/usr/include/c++/4.3 --program-suffix=-4.3 --enable-clocale=gnu --enable-libstdcxx-debug --enable-objc-gc --enable-mpfr --enable-targets=all --enable-cld --enable-checking=release --build=i486-linux-gnu --host=i486-linux-gnu --target=i486-linux-gnu
Thread model: posix
gcc version 4.3.2 (Debian 4.3.2-1.1) 
configure:3552: $? = 0
configure:3541: gcc -V >&5
gcc: '-V' option must have argument
configure:3552: $? = 1
configure:3541: gcc -qversion >&5
gcc: unrecognized option '-qversion'
gcc: no input files
configure:3552: $? = 1
configure:3572: checking whether the C compiler works
configure:3594: gcc -g -O2   conftest.c  >&5
configure:3598: $? = 0
configure:3647: result: yes
configure:3650: checking for C compiler default output file name
configure:3652: result: a.out
configure:3658: checking for suffix of executables
configure:3665: gcc -o conftest -g -O2   conftest.c  >&5
configure:3669: $? = 0
configure:3691: result: 
configure:3713: checking whether we are cross compiling
configure:3721: gcc -o conftest -g -O2   conftest.c  >&5
configure:3725: $? = 0
configure:3732: ./conftest
configure:3736: $? = 0
configure:3751: result: no
configure:3756: checking for suffix of object files
configure:3778: gcc -c -g -O2  conftest.c >&5
configure:3782: $? = 0
configure:3803: result: o
configure:3807: checking whether we are using the GNU C compiler
configure:3826: gcc -c -g -O2  conftest.c >&5
configure:3826: $? = 0
configure:3835: result: yes
configure:3844: checking whether gcc accepts -g
configure:3864: gcc -c -g  conftest.c >&5
configure:3864: $? = 0
configure:3905: result: yes
configure:3922: checking for gcc option to accept ISO C89
configure:3986: gcc  -c -g -O2  conftest.c >&5
configure:3986: $? = 0
configure:3999: result: none needed
configure:4021: checking dependency style of gcc
configure:4131: result: gcc3
configure:4146: checking for a sed that does not truncate output
configure:4210: result: /bin/sed
configure:4228: checking for grep that handles long lines and -e
configure:4286: result: /bin/grep
configure:4291: checking for egrep
configure:4353: result: /bin/grep -E
configure:4358: checking for fgrep
configure:4420: result: /bin/grep -F
configure:4455: checking for ld used by gcc
configure:4522: result: /usr/bin/ld
configure:4529: checking if the linker (/usr/bin/ld) is GNU ld
configure:4544: result: yes
configure:4556: checking for BSD- or MS-compatible name lister (nm)
configure:4605: result: /usr/bin/nm -B
configure:4723: checking the name lister (/usr/bin/nm -B) interface
configure:4730: gcc -c -g -O2  conftest.c >&5
configure:4733: /usr/bin/nm -B "conftest.o"
configure:4736: output
00000000 B some_variable
configure:4743: result: BSD nm
configure:4746: checking whether ln -s works
configure:4750: result: yes
configure:4758: checking the maximum length of command line arguments
configure:4878: result: 98304
configure:4895: checking whether the shell understands some XSI constructs
configure:4905: result: yes
configure:4909: checking whether the shell understands "+="
configure:4915: result: yes
configure:4950: checking for /usr/bin/ld option to reload object files
configure:4957: result: -r
configure:5026: checking for objdump
configure:5042: found /usr/bin/objdump
configure:5053: result: objdump
configure:5085: checking how to recognize dependent libraries
configure:5281: result: pass_all
configure:5341: checking for ar
configure:5357: found /usr/bin/ar
configure:5368: result: ar
configure:5446: checking for strip
configure:5462: found /usr/bin/strip
configure:5473: result: strip
configure:5545: checking for ranlib
configure:5561: found /usr/bin/ranlib
configure:5572: result: ranlib
configure:5662: checking command to parse /usr/bin/nm -B output from gcc object
configure:5780: gcc -c -g -O2  conftest.c >&5
configure:5783: $? = 0
configure:5787: /usr/bin/nm -B conftest.o \| sed -n -e 's/^.*[	 ]\([ABCDGIRSTW][ABCDGIRSTW]*\)[	 ][	 ]*\([_A-Za-z][_A-Za-z0-9]*\)$/\1 \2 \2/p' \> conftest.nm
configure:5790: $? = 0
configure:5844: gcc -o conftest -g -O2   conftest.c conftstm.o >&5
configure:5847: $? = 0
configure:5885: result: ok
configure:6694: checking how to run the C preprocessor
configure:6725: gcc -E  conftest.c
configure:6725: $? = 0
configure:6739: gcc -E  conftest.c
conftest.c:11:28: error: ac_nonexistent.h: No such file or directory
configure:6739: $? = 1
configure: failed program was:
| /* confdefs.h */
| #define PACKAGE_NAME "modsecurity"
| #define PACKAGE_TARNAME "modsecurity"
| #define PACKAGE_VERSION "2.6"
| #define PACKAGE_STRING "modsecurity 2.6"
| #define PACKAGE_BUGREPORT "support@modsecurity.org"
| #define PACKAGE_URL ""
| #define PACKAGE "modsecurity"
| #define VERSION "2.6"
| /* end confdefs.h.  */
| #include <ac_nonexistent.h>
configure:6764: result: gcc -E
configure:6784: gcc -E  conftest.c
configure:6784: $? = 0
configure:6798: gcc -E  conftest.c
conftest.c:11:28: error: ac_nonexistent.h: No such file or directory
configure:6798: $? = 1
configure: failed program was:
| /* confdefs.h */
| #define PACKAGE_NAME "modsecurity"
| #define PACKAGE_TARNAME "modsecurity"
| #define PACKAGE_VERSION "2.6"
| #define PACKAGE_STRING "modsecurity 2.6"
| #define PACKAGE_BUGREPORT "support@modsecurity.org"
| #define PACKAGE_URL ""
| #define PACKAGE "modsecurity"
| #define VERSION "2.6"
| /* end confdefs.h.  */
| #include <ac_nonexistent.h>
configure:6827: checking for ANSI C header files
configure:6847: gcc -c -g -O2  conftest.c >&5
configure:6847: $? = 0
configure:6920: gcc -o conftest -g -O2   conftest.c  >&5
configure:6920: $? = 0
configure:6920: ./conftest
configure:6920: $? = 0
configure:6931: result: yes
configure:6944: checking for sys/types.h
configure:6944: gcc -c -g -O2  conftest.c >&5
configure:6944: $? = 0
configure:6944: result: yes
configure:6944: checking for sys/stat.h
configure:6944: gcc -c -g -O2  conftest.c >&5
configure:6944: $? = 0
configure:6944: result: yes
configure:6944: checking for stdlib.h
configure:6944: gcc -c -g -O2  conftest.c >&5
configure:6944: $? = 0
configure:6944: result: yes
configure:6944: checking for string.h
configure:6944: gcc -c -g -O2  conftest.c >&5
configure:6944: $? = 0
configure:6944: result: yes
configure:6944: checking for memory.h
configure:6944: gcc -c -g -O2  conftest.c >&5
configure:6944: $? = 0
configure:6944: result: yes
configure:6944: checking for strings.h
configure:6944: gcc -c -g -O2  conftest.c >&5
configure:6944: $? = 0
configure:6944: result: yes
configure:6944: checking for inttypes.h
configure:6944: gcc -c -g -O2  conftest.c >&5
configure:6944: $? = 0
configure:6944: result: yes
configure:6944: checking for stdint.h
configure:6944: gcc -c -g -O2  conftest.c >&5
configure:6944: $? = 0
configure:6944: result: yes
configure:6944: checking for unistd.h
configure:6944: gcc -c -g -O2  conftest.c >&5
configure:6944: $? = 0
configure:6944: result: yes
configure:6959: checking for dlfcn.h
configure:6959: gcc -c -g -O2  conftest.c >&5
configure:6959: $? = 0
configure:6959: result: yes
configure:7142: checking for objdir
configure:7157: result: .libs
configure:7453: checking if gcc supports -fno-rtti -fno-exceptions
configure:7471: gcc -c -g -O2  -fno-rtti -fno-exceptions conftest.c >&5
cc1: warning: command line option "-fno-rtti" is valid for C++/ObjC++ but not for C
configure:7475: $? = 0
configure:7488: result: no
configure:7508: checking for gcc option to produce PIC
configure:7780: result: -fPIC -DPIC
configure:7792: checking if gcc PIC flag -fPIC -DPIC works
configure:7810: gcc -c -g -O2  -fPIC -DPIC -DPIC conftest.c >&5
configure:7814: $? = 0
configure:7827: result: yes
configure:7851: checking if gcc static flag -static works
configure:7879: result: yes
configure:7894: checking if gcc supports -c -o file.o
configure:7915: gcc -c -g -O2  -o out/conftest2.o conftest.c >&5
configure:7919: $? = 0
configure:7941: result: yes
configure:7949: checking if gcc supports -c -o file.o
configure:7996: result: yes
configure:8029: checking whether the gcc linker (/usr/bin/ld) supports shared libraries
configure:9020: result: yes
configure:9057: checking whether -lc should be explicitly linked in
configure:9062: gcc -c -g -O2  conftest.c >&5
configure:9065: $? = 0
configure:9080: gcc -shared conftest.o  -v -Wl,-soname -Wl,conftest -o conftest 2\>\&1 \| /bin/grep  -lc  \>/dev/null 2\>\&1
configure:9083: $? = 0
configure:9095: result: no
configure:9259: checking dynamic linker characteristics
configure:9692: gcc -o conftest -g -O2   -Wl,-rpath -Wl,/foo conftest.c  >&5
configure:9692: $? = 0
configure:9922: result: GNU/Linux ld.so
configure:10024: checking how to hardcode library paths into programs
configure:10049: result: immediate
configure:10143: checking for shl_load
configure:10143: gcc -o conftest -g -O2   conftest.c  >&5
/tmp/cciq02Av.o: In function `main':
/home/jjourdin/vulture2/trunk/lib/modsecurity-apache_2.6.1/conftest.c:57: undefined reference to `shl_load'
collect2: ld returned 1 exit status
configure:10143: $? = 1
configure: failed program was:
| /* confdefs.h */
| #define PACKAGE_NAME "modsecurity"
| #define PACKAGE_TARNAME "modsecurity"
| #define PACKAGE_VERSION "2.6"
| #define PACKAGE_STRING "modsecurity 2.6"
| #define PACKAGE_BUGREPORT "support@modsecurity.org"
| #define PACKAGE_URL ""
| #define PACKAGE "modsecurity"
| #define VERSION "2.6"
| #define STDC_HEADERS 1
| #define HAVE_SYS_TYPES_H 1
| #define HAVE_SYS_STAT_H 1
| #define HAVE_STDLIB_H 1
| #define HAVE_STRING_H 1
| #define HAVE_MEMORY_H 1
| #define HAVE_STRINGS_H 1
| #define HAVE_INTTYPES_H 1
| #define HAVE_STDINT_H 1
| #define HAVE_UNISTD_H 1
| #define HAVE_DLFCN_H 1
| #define LT_OBJDIR ".libs/"
| /* end confdefs.h.  */
| /* Define shl_load to an innocuous variant, in case <limits.h> declares shl_load.
|    For example, HP-UX 11i <limits.h> declares gettimeofday.  */
| #define shl_load innocuous_shl_load
| 
| /* System header to define __stub macros and hopefully few prototypes,
|     which can conflict with char shl_load (); below.
|     Prefer <limits.h> to <assert.h> if __STDC__ is defined, since
|     <limits.h> exists even on freestanding compilers.  */
| 
| #ifdef __STDC__
| # include <limits.h>
| #else
| # include <assert.h>
| #endif
| 
| #undef shl_load
| 
| /* Override any GCC internal prototype to avoid an error.
|    Use char because int might match the return type of a GCC
|    builtin and then its argument prototype would still apply.  */
| #ifdef __cplusplus
| extern "C"
| #endif
| char shl_load ();
| /* The GNU C library defines this for functions which it implements
|     to always fail with ENOSYS.  Some functions are actually named
|     something starting with __ and the normal name is an alias.  */
| #if defined __stub_shl_load || defined __stub___shl_load
| choke me
| #endif
| 
| int
| main ()
| {
| return shl_load ();
|   ;
|   return 0;
| }
configure:10143: result: no
configure:10147: checking for shl_load in -ldld
configure:10172: gcc -o conftest -g -O2   conftest.c -ldld   >&5
/usr/bin/ld: cannot find -ldld
collect2: ld returned 1 exit status
configure:10172: $? = 1
configure: failed program was:
| /* confdefs.h */
| #define PACKAGE_NAME "modsecurity"
| #define PACKAGE_TARNAME "modsecurity"
| #define PACKAGE_VERSION "2.6"
| #define PACKAGE_STRING "modsecurity 2.6"
| #define PACKAGE_BUGREPORT "support@modsecurity.org"
| #define PACKAGE_URL ""
| #define PACKAGE "modsecurity"
| #define VERSION "2.6"
| #define STDC_HEADERS 1
| #define HAVE_SYS_TYPES_H 1
| #define HAVE_SYS_STAT_H 1
| #define HAVE_STDLIB_H 1
| #define HAVE_STRING_H 1
| #define HAVE_MEMORY_H 1
| #define HAVE_STRINGS_H 1
| #define HAVE_INTTYPES_H 1
| #define HAVE_STDINT_H 1
| #define HAVE_UNISTD_H 1
| #define HAVE_DLFCN_H 1
| #define LT_OBJDIR ".libs/"
| /* end confdefs.h.  */
| 
| /* Override any GCC internal prototype to avoid an error.
|    Use char because int might match the return type of a GCC
|    builtin and then its argument prototype would still apply.  */
| #ifdef __cplusplus
| extern "C"
| #endif
| char shl_load ();
| int
| main ()
| {
| return shl_load ();
|   ;
|   return 0;
| }
configure:10181: result: no
configure:10186: checking for dlopen
configure:10186: gcc -o conftest -g -O2   conftest.c  >&5
/tmp/ccOE9kWc.o: In function `main':
/home/jjourdin/vulture2/trunk/lib/modsecurity-apache_2.6.1/conftest.c:57: undefined reference to `dlopen'
collect2: ld returned 1 exit status
configure:10186: $? = 1
configure: failed program was:
| /* confdefs.h */
| #define PACKAGE_NAME "modsecurity"
| #define PACKAGE_TARNAME "modsecurity"
| #define PACKAGE_VERSION "2.6"
| #define PACKAGE_STRING "modsecurity 2.6"
| #define PACKAGE_BUGREPORT "support@modsecurity.org"
| #define PACKAGE_URL ""
| #define PACKAGE "modsecurity"
| #define VERSION "2.6"
| #define STDC_HEADERS 1
| #define HAVE_SYS_TYPES_H 1
| #define HAVE_SYS_STAT_H 1
| #define HAVE_STDLIB_H 1
| #define HAVE_STRING_H 1
| #define HAVE_MEMORY_H 1
| #define HAVE_STRINGS_H 1
| #define HAVE_INTTYPES_H 1
| #define HAVE_STDINT_H 1
| #define HAVE_UNISTD_H 1
| #define HAVE_DLFCN_H 1
| #define LT_OBJDIR ".libs/"
| /* end confdefs.h.  */
| /* Define dlopen to an innocuous variant, in case <limits.h> declares dlopen.
|    For example, HP-UX 11i <limits.h> declares gettimeofday.  */
| #define dlopen innocuous_dlopen
| 
| /* System header to define __stub macros and hopefully few prototypes,
|     which can conflict with char dlopen (); below.
|     Prefer <limits.h> to <assert.h> if __STDC__ is defined, since
|     <limits.h> exists even on freestanding compilers.  */
| 
| #ifdef __STDC__
| # include <limits.h>
| #else
| # include <assert.h>
| #endif
| 
| #undef dlopen
| 
| /* Override any GCC internal prototype to avoid an error.
|    Use char because int might match the return type of a GCC
|    builtin and then its argument prototype would still apply.  */
| #ifdef __cplusplus
| extern "C"
| #endif
| char dlopen ();
| /* The GNU C library defines this for functions which it implements
|     to always fail with ENOSYS.  Some functions are actually named
|     something starting with __ and the normal name is an alias.  */
| #if defined __stub_dlopen || defined __stub___dlopen
| choke me
| #endif
| 
| int
| main ()
| {
| return dlopen ();
|   ;
|   return 0;
| }
configure:10186: result: no
configure:10190: checking for dlopen in -ldl
configure:10215: gcc -o conftest -g -O2   conftest.c -ldl   >&5
configure:10215: $? = 0
configure:10224: result: yes
configure:10343: checking whether a program can dlopen itself
configure:10413: gcc -o conftest -g -O2  -DHAVE_DLFCN_H  -Wl,--export-dynamic conftest.c -ldl  >&5
configure:10416: $? = 0
configure:10434: result: yes
configure:10439: checking whether a statically linked program can dlopen itself
configure:10509: gcc -o conftest -g -O2  -DHAVE_DLFCN_H  -Wl,--export-dynamic -static conftest.c -ldl  >&5
/tmp/cc17DMpt.o: In function `main':
/home/jjourdin/vulture2/trunk/lib/modsecurity-apache_2.6.1/configure:10493: warning: Using 'dlopen' in statically linked applications requires at runtime the shared libraries from the glibc version used for linking
configure:10512: $? = 0
/usr/lib/libfakeroot/: cannot read file data: Is a directory
configure:10530: result: no
configure:10569: checking whether stripping libraries is possible
configure:10574: result: yes
configure:10609: checking if libtool supports shared libraries
configure:10611: result: yes
configure:10614: checking whether to build shared libraries
configure:10635: result: yes
configure:10638: checking whether to build static libraries
configure:10642: result: yes
configure:10683: checking for gawk
configure:10710: result: mawk
configure:10769: checking for gcc
configure:10796: result: gcc
configure:11025: checking for C compiler version
configure:11034: gcc --version >&5
gcc (Debian 4.3.2-1.1) 4.3.2
Copyright (C) 2008 Free Software Foundation, Inc.
This is free software; see the source for copying conditions.  There is NO
warranty; not even for MERCHANTABILITY or FITNESS FOR A PARTICULAR PURPOSE.

configure:11045: $? = 0
configure:11034: gcc -v >&5
Using built-in specs.
Target: i486-linux-gnu
Configured with: ../src/configure -v --with-pkgversion='Debian 4.3.2-1.1' --with-bugurl=file:///usr/share/doc/gcc-4.3/README.Bugs --enable-languages=c,c++,fortran,objc,obj-c++ --prefix=/usr --enable-shared --with-system-zlib --libexecdir=/usr/lib --without-included-gettext --enable-threads=posix --enable-nls --with-gxx-include-dir=/usr/include/c++/4.3 --program-suffix=-4.3 --enable-clocale=gnu --enable-libstdcxx-debug --enable-objc-gc --enable-mpfr --enable-targets=all --enable-cld --enable-checking=release --build=i486-linux-gnu --host=i486-linux-gnu --target=i486-linux-gnu
Thread model: posix
gcc version 4.3.2 (Debian 4.3.2-1.1) 
configure:11045: $? = 0
configure:11034: gcc -V >&5
gcc: '-V' option must have argument
configure:11045: $? = 1
configure:11034: gcc -qversion >&5
gcc: unrecognized option '-qversion'
gcc: no input files
configure:11045: $? = 1
configure:11049: checking whether we are using the GNU C compiler
configure:11077: result: yes
configure:11086: checking whether gcc accepts -g
configure:11147: result: yes
configure:11164: checking for gcc option to accept ISO C89
configure:11241: result: none needed
configure:11263: checking dependency style of gcc
configure:11373: result: gcc3
configure:11393: checking how to run the C preprocessor
configure:11463: result: gcc -E
configure:11483: gcc -E  conftest.c
configure:11483: $? = 0
configure:11497: gcc -E  conftest.c
conftest.c:23:28: error: ac_nonexistent.h: No such file or directory
configure:11497: $? = 1
configure: failed program was:
| /* confdefs.h */
| #define PACKAGE_NAME "modsecurity"
| #define PACKAGE_TARNAME "modsecurity"
| #define PACKAGE_VERSION "2.6"
| #define PACKAGE_STRING "modsecurity 2.6"
| #define PACKAGE_BUGREPORT "support@modsecurity.org"
| #define PACKAGE_URL ""
| #define PACKAGE "modsecurity"
| #define VERSION "2.6"
| #define STDC_HEADERS 1
| #define HAVE_SYS_TYPES_H 1
| #define HAVE_SYS_STAT_H 1
| #define HAVE_STDLIB_H 1
| #define HAVE_STRING_H 1
| #define HAVE_MEMORY_H 1
| #define HAVE_STRINGS_H 1
| #define HAVE_INTTYPES_H 1
| #define HAVE_STDINT_H 1
| #define HAVE_UNISTD_H 1
| #define HAVE_DLFCN_H 1
| #define LT_OBJDIR ".libs/"
| /* end confdefs.h.  */
| #include <ac_nonexistent.h>
configure:11526: checking whether ln -s works
configure:11530: result: yes
configure:11537: checking whether make sets $(MAKE)
configure:11559: result: yes
configure:11568: checking for grep that handles long lines and -e
configure:11626: result: /bin/grep
configure:11635: checking for perl
configure:11653: found /usr/bin/perl
configure:11665: result: /usr/bin/perl
configure:11680: checking for env
configure:11698: found /usr/bin/env
configure:11710: result: /usr/bin/env
configure:11723: checking for ANSI C header files
configure:11827: result: yes
configure:11838: checking fcntl.h usability
configure:11838: gcc -c -g -O2  conftest.c >&5
configure:11838: $? = 0
configure:11838: result: yes
configure:11838: checking fcntl.h presence
configure:11838: gcc -E  conftest.c
configure:11838: $? = 0
configure:11838: result: yes
configure:11838: checking for fcntl.h
configure:11838: result: yes
configure:11838: checking limits.h usability
configure:11838: gcc -c -g -O2  conftest.c >&5
configure:11838: $? = 0
configure:11838: result: yes
configure:11838: checking limits.h presence
configure:11838: gcc -E  conftest.c
configure:11838: $? = 0
configure:11838: result: yes
configure:11838: checking for limits.h
configure:11838: result: yes
configure:11838: checking for stdlib.h
configure:11838: result: yes
configure:11838: checking for string.h
configure:11838: result: yes
configure:11838: checking for unistd.h
configure:11838: result: yes
configure:11838: checking for sys/types.h
configure:11838: result: yes
configure:11838: checking for sys/stat.h
configure:11838: result: yes
configure:11851: checking for an ANSI C-conforming const
configure:11916: gcc -c -g -O2  conftest.c >&5
configure:11916: $? = 0
configure:11923: result: yes
configure:11931: checking for inline
configure:11947: gcc -c -g -O2  conftest.c >&5
configure:11947: $? = 0
configure:11955: result: inline
configure:11973: checking for C/C++ restrict keyword
configure:11998: gcc -c -g -O2  conftest.c >&5
configure:11998: $? = 0
configure:12006: result: __restrict
configure:12019: checking for pid_t
configure:12019: gcc -c -g -O2  conftest.c >&5
configure:12019: $? = 0
configure:12019: gcc -c -g -O2  conftest.c >&5
conftest.c: In function 'main':
conftest.c:68: error: expected expression before ')' token
configure:12019: $? = 1
configure: failed program was:
| /* confdefs.h */
| #define PACKAGE_NAME "modsecurity"
| #define PACKAGE_TARNAME "modsecurity"
| #define PACKAGE_VERSION "2.6"
| #define PACKAGE_STRING "modsecurity 2.6"
| #define PACKAGE_BUGREPORT "support@modsecurity.org"
| #define PACKAGE_URL ""
| #define PACKAGE "modsecurity"
| #define VERSION "2.6"
| #define STDC_HEADERS 1
| #define HAVE_SYS_TYPES_H 1
| #define HAVE_SYS_STAT_H 1
| #define HAVE_STDLIB_H 1
| #define HAVE_STRING_H 1
| #define HAVE_MEMORY_H 1
| #define HAVE_STRINGS_H 1
| #define HAVE_INTTYPES_H 1
| #define HAVE_STDINT_H 1
| #define HAVE_UNISTD_H 1
| #define HAVE_DLFCN_H 1
| #define LT_OBJDIR ".libs/"
| #define STDC_HEADERS 1
| #define HAVE_FCNTL_H 1
| #define HAVE_LIMITS_H 1
| #define HAVE_STDLIB_H 1
| #define HAVE_STRING_H 1
| #define HAVE_UNISTD_H 1
| #define HAVE_SYS_TYPES_H 1
| #define HAVE_SYS_STAT_H 1
| #define restrict __restrict
| /* end confdefs.h.  */
| #include <stdio.h>
| #ifdef HAVE_SYS_TYPES_H
| # include <sys/types.h>
| #endif
| #ifdef HAVE_SYS_STAT_H
| # include <sys/stat.h>
| #endif
| #ifdef STDC_HEADERS
| # include <stdlib.h>
| # include <stddef.h>
| #else
| # ifdef HAVE_STDLIB_H
| #  include <stdlib.h>
| # endif
| #endif
| #ifdef HAVE_STRING_H
| # if !defined STDC_HEADERS && defined HAVE_MEMORY_H
| #  include <memory.h>
| # endif
| # include <string.h>
| #endif
| #ifdef HAVE_STRINGS_H
| # include <strings.h>
| #endif
| #ifdef HAVE_INTTYPES_H
| # include <inttypes.h>
| #endif
| #ifdef HAVE_STDINT_H
| # include <stdint.h>
| #endif
| #ifdef HAVE_UNISTD_H
| # include <unistd.h>
| #endif
| int
| main ()
| {
| if (sizeof ((pid_t)))
| 	    return 0;
|   ;
|   return 0;
| }
configure:12019: result: yes
configure:12030: checking for size_t
configure:12030: gcc -c -g -O2  conftest.c >&5
configure:12030: $? = 0
configure:12030: gcc -c -g -O2  conftest.c >&5
conftest.c: In function 'main':
conftest.c:68: error: expected expression before ')' token
configure:12030: $? = 1
configure: failed program was:
| /* confdefs.h */
| #define PACKAGE_NAME "modsecurity"
| #define PACKAGE_TARNAME "modsecurity"
| #define PACKAGE_VERSION "2.6"
| #define PACKAGE_STRING "modsecurity 2.6"
| #define PACKAGE_BUGREPORT "support@modsecurity.org"
| #define PACKAGE_URL ""
| #define PACKAGE "modsecurity"
| #define VERSION "2.6"
| #define STDC_HEADERS 1
| #define HAVE_SYS_TYPES_H 1
| #define HAVE_SYS_STAT_H 1
| #define HAVE_STDLIB_H 1
| #define HAVE_STRING_H 1
| #define HAVE_MEMORY_H 1
| #define HAVE_STRINGS_H 1
| #define HAVE_INTTYPES_H 1
| #define HAVE_STDINT_H 1
| #define HAVE_UNISTD_H 1
| #define HAVE_DLFCN_H 1
| #define LT_OBJDIR ".libs/"
| #define STDC_HEADERS 1
| #define HAVE_FCNTL_H 1
| #define HAVE_LIMITS_H 1
| #define HAVE_STDLIB_H 1
| #define HAVE_STRING_H 1
| #define HAVE_UNISTD_H 1
| #define HAVE_SYS_TYPES_H 1
| #define HAVE_SYS_STAT_H 1
| #define restrict __restrict
| /* end confdefs.h.  */
| #include <stdio.h>
| #ifdef HAVE_SYS_TYPES_H
| # include <sys/types.h>
| #endif
| #ifdef HAVE_SYS_STAT_H
| # include <sys/stat.h>
| #endif
| #ifdef STDC_HEADERS
| # include <stdlib.h>
| # include <stddef.h>
| #else
| # ifdef HAVE_STDLIB_H
| #  include <stdlib.h>
| # endif
| #endif
| #ifdef HAVE_STRING_H
| # if !defined STDC_HEADERS && defined HAVE_MEMORY_H
| #  include <memory.h>
| # endif
| # include <string.h>
| #endif
| #ifdef HAVE_STRINGS_H
| # include <strings.h>
| #endif
| #ifdef HAVE_INTTYPES_H
| # include <inttypes.h>
| #endif
| #ifdef HAVE_STDINT_H
| # include <stdint.h>
| #endif
| #ifdef HAVE_UNISTD_H
| # include <unistd.h>
| #endif
| int
| main ()
| {
| if (sizeof ((size_t)))
| 	    return 0;
|   ;
|   return 0;
| }
configure:12030: result: yes
configure:12041: checking whether struct tm is in sys/time.h or time.h
configure:12061: gcc -c -g -O2  conftest.c >&5
configure:12061: $? = 0
configure:12068: result: time.h
configure:12076: checking for uint8_t
configure:12076: gcc -c -g -O2  conftest.c >&5
configure:12076: $? = 0
configure:12076: result: yes
configure:12094: checking for stdlib.h
configure:12094: result: yes
configure:12104: checking for GNU libc compatible malloc
configure:12128: gcc -o conftest -g -O2   conftest.c  >&5
configure:12128: $? = 0
configure:12128: ./conftest
configure:12128: $? = 0
configure:12138: result: yes
configure:12159: checking for working memcmp
configure:12202: gcc -o conftest -g -O2   conftest.c  >&5
configure:12202: $? = 0
configure:12202: ./conftest
configure:12202: $? = 0
configure:12212: result: yes
configure:12224: checking for atexit
configure:12224: gcc -o conftest -g -O2   conftest.c  >&5
configure:12224: $? = 0
configure:12224: result: yes
configure:12224: checking for getcwd
configure:12224: gcc -o conftest -g -O2   conftest.c  >&5
configure:12224: $? = 0
configure:12224: result: yes
configure:12224: checking for memmove
configure:12224: gcc -o conftest -g -O2   conftest.c  >&5
conftest.c:59: warning: conflicting types for built-in function 'memmove'
configure:12224: $? = 0
configure:12224: result: yes
configure:12224: checking for memset
configure:12224: gcc -o conftest -g -O2   conftest.c  >&5
conftest.c:60: warning: conflicting types for built-in function 'memset'
configure:12224: $? = 0
configure:12224: result: yes
configure:12224: checking for strcasecmp
configure:12224: gcc -o conftest -g -O2   conftest.c  >&5
conftest.c:61: warning: conflicting types for built-in function 'strcasecmp'
configure:12224: $? = 0
configure:12224: result: yes
configure:12224: checking for strchr
configure:12224: gcc -o conftest -g -O2   conftest.c  >&5
conftest.c:62: warning: conflicting types for built-in function 'strchr'
configure:12224: $? = 0
configure:12224: result: yes
configure:12224: checking for strdup
configure:12224: gcc -o conftest -g -O2   conftest.c  >&5
conftest.c:63: warning: conflicting types for built-in function 'strdup'
configure:12224: $? = 0
configure:12224: result: yes
configure:12224: checking for strerror
configure:12224: gcc -o conftest -g -O2   conftest.c  >&5
configure:12224: $? = 0
configure:12224: result: yes
configure:12224: checking for strncasecmp
configure:12224: gcc -o conftest -g -O2   conftest.c  >&5
conftest.c:65: warning: conflicting types for built-in function 'strncasecmp'
configure:12224: $? = 0
configure:12224: result: yes
configure:12224: checking for strrchr
configure:12224: gcc -o conftest -g -O2   conftest.c  >&5
conftest.c:66: warning: conflicting types for built-in function 'strrchr'
configure:12224: $? = 0
configure:12224: result: yes
configure:12224: checking for strstr
configure:12224: gcc -o conftest -g -O2   conftest.c  >&5
conftest.c:67: warning: conflicting types for built-in function 'strstr'
configure:12224: $? = 0
configure:12224: result: yes
configure:12224: checking for strtol
configure:12224: gcc -o conftest -g -O2   conftest.c  >&5
configure:12224: $? = 0
configure:12224: result: yes
configure:12224: checking for fchmod
configure:12224: gcc -o conftest -g -O2   conftest.c  >&5
configure:12224: $? = 0
configure:12224: result: yes
configure:12741: looking for Apache module support via DSO through APXS
configure:12782: found apxs at /usr/bin/apxs2
configure:12784: checking httpd version
configure:12796: httpd is recent enough
configure:12938: checking for libpcre config script
configure:12974: result: /usr/bin/pcre-config
configure:13002: using pcre v7.6
configure:13018: checking for libapr config script
configure:13048: result: /usr/bin/apr-1-config
configure:13082: using apr v1.2.12
configure:13097: checking for libapu config script
configure:13127: result: /usr/bin/apu-1-config
configure:13157: using apu v1.2.12
configure:13173: checking for libxml2 config script
configure:13203: result: /usr/bin/xml2-config
configure:13231: using libxml2 v2.6.32
configure:13285: checking for pkg-config
configure:13318: result: no
configure:13385: checking for liblua config script
configure:13436: result: no
configure:13439: checking for lua install
configure:13534: result: no
configure:13547: optional lua library not found
configure:13567: checking for libcurl config script
configure:13639: result: no
configure:13652: *** curl library not found.
configure:13654: NOTE: curl library is only required for building mlogc
configure:13883: creating ./config.status

## ---------------------- ##
## Running config.status. ##
## ---------------------- ##

This file was extended by modsecurity config.status 2.6, which was
generated by GNU Autoconf 2.65.  Invocation command line was

  CONFIG_FILES    = 
  CONFIG_HEADERS  = 
  CONFIG_LINKS    = 
  CONFIG_COMMANDS = 
  $ ./config.status 

on Powned

config.status:1191: creating Makefile
config.status:1191: creating tools/Makefile
config.status:1191: creating apache2/Makefile
config.status:1191: creating build/apxs-wrapper
config.status:1191: creating mlogc/mlogc-batch-load.pl
config.status:1191: creating tests/run-unit-tests.pl
config.status:1191: creating tests/run-regression-tests.pl
config.status:1191: creating tests/gen_rx-pm.pl
config.status:1191: creating tests/csv_rx-pm.pl
config.status:1191: creating tests/regression/server_root/conf/httpd.conf
config.status:1191: creating tools/rules-updater.pl
config.status:1191: creating mlogc/Makefile
config.status:1191: creating tests/Makefile
config.status:1191: creating apache2/modsecurity_config_auto.h
config.status:1363: apache2/modsecurity_config_auto.h is unchanged
config.status:1411: executing depfiles commands
config.status:1411: executing libtool commands

## ---------------- ##
## Cache variables. ##
## ---------------- ##

ac_cv_build=i686-pc-linux-gnu
ac_cv_c_compiler_gnu=yes
ac_cv_c_const=yes
ac_cv_c_inline=inline
ac_cv_c_restrict=__restrict
ac_cv_c_uint8_t=yes
ac_cv_env_CC_set=
ac_cv_env_CC_value=
ac_cv_env_CFLAGS_set=set
ac_cv_env_CFLAGS_value='-g -O2'
ac_cv_env_CPPFLAGS_set=set
ac_cv_env_CPPFLAGS_value=
ac_cv_env_CPP_set=
ac_cv_env_CPP_value=
ac_cv_env_LDFLAGS_set=set
ac_cv_env_LDFLAGS_value=
ac_cv_env_LIBS_set=
ac_cv_env_LIBS_value=
ac_cv_env_PKG_CONFIG_set=
ac_cv_env_PKG_CONFIG_value=
ac_cv_env_build_alias_set=
ac_cv_env_build_alias_value=
ac_cv_env_host_alias_set=
ac_cv_env_host_alias_value=
ac_cv_env_target_alias_set=
ac_cv_env_target_alias_value=
ac_cv_func_atexit=yes
ac_cv_func_dlopen=no
ac_cv_func_fchmod=yes
ac_cv_func_getcwd=yes
ac_cv_func_malloc_0_nonnull=yes
ac_cv_func_memcmp_working=yes
ac_cv_func_memmove=yes
ac_cv_func_memset=yes
ac_cv_func_shl_load=no
ac_cv_func_strcasecmp=yes
ac_cv_func_strchr=yes
ac_cv_func_strdup=yes
ac_cv_func_strerror=yes
ac_cv_func_strncasecmp=yes
ac_cv_func_strrchr=yes
ac_cv_func_strstr=yes
ac_cv_func_strtol=yes
ac_cv_header_dlfcn_h=yes
ac_cv_header_fcntl_h=yes
ac_cv_header_inttypes_h=yes
ac_cv_header_limits_h=yes
ac_cv_header_memory_h=yes
ac_cv_header_stdc=yes
ac_cv_header_stdint_h=yes
ac_cv_header_stdlib_h=yes
ac_cv_header_string_h=yes
ac_cv_header_strings_h=yes
ac_cv_header_sys_stat_h=yes
ac_cv_header_sys_types_h=yes
ac_cv_header_unistd_h=yes
ac_cv_host=i686-pc-linux-gnu
ac_cv_lib_dl_dlopen=yes
ac_cv_lib_dld_shl_load=no
ac_cv_objext=o
ac_cv_path_EGREP='/bin/grep -E'
ac_cv_path_ENV_CMD=/usr/bin/env
ac_cv_path_FGREP='/bin/grep -F'
ac_cv_path_GREP=/bin/grep
ac_cv_path_PERL=/usr/bin/perl
ac_cv_path_SED=/bin/sed
ac_cv_path_install='/usr/bin/install -c'
ac_cv_path_mkdir=/bin/mkdir
ac_cv_prog_AWK=mawk
ac_cv_prog_CPP='gcc -E'
ac_cv_prog_ac_ct_AR=ar
ac_cv_prog_ac_ct_CC=gcc
ac_cv_prog_ac_ct_OBJDUMP=objdump
ac_cv_prog_ac_ct_RANLIB=ranlib
ac_cv_prog_ac_ct_STRIP=strip
ac_cv_prog_cc_c89=
ac_cv_prog_cc_g=yes
ac_cv_prog_make_make_set=yes
ac_cv_struct_tm=time.h
ac_cv_type_pid_t=yes
ac_cv_type_size_t=yes
am_cv_CC_dependencies_compiler_type=gcc3
lt_cv_deplibs_check_method=pass_all
lt_cv_dlopen=dlopen
lt_cv_dlopen_libs=-ldl
lt_cv_dlopen_self=yes
lt_cv_dlopen_self_static=no
lt_cv_file_magic_cmd='$MAGIC_CMD'
lt_cv_file_magic_test_file=
lt_cv_ld_reload_flag=-r
lt_cv_nm_interface='BSD nm'
lt_cv_objdir=.libs
lt_cv_path_LD=/usr/bin/ld
lt_cv_path_NM='/usr/bin/nm -B'
lt_cv_prog_compiler_c_o=yes
lt_cv_prog_compiler_pic_works=yes
lt_cv_prog_compiler_rtti_exceptions=no
lt_cv_prog_compiler_static_works=yes
lt_cv_prog_gnu_ld=yes
lt_cv_sys_global_symbol_pipe='sed -n -e '\''s/^.*[	 ]\([ABCDGIRSTW][ABCDGIRSTW]*\)[	 ][	 ]*\([_A-Za-z][_A-Za-z0-9]*\)$/\1 \2 \2/p'\'''
lt_cv_sys_global_symbol_to_c_name_address='sed -n -e '\''s/^: \([^ ]*\) $/  {\"\1\", (void *) 0},/p'\'' -e '\''s/^[ABCDGIRSTW]* \([^ ]*\) \([^ ]*\)$/  {"\2", (void *) \&\2},/p'\'''
lt_cv_sys_global_symbol_to_c_name_address_lib_prefix='sed -n -e '\''s/^: \([^ ]*\) $/  {\"\1\", (void *) 0},/p'\'' -e '\''s/^[ABCDGIRSTW]* \([^ ]*\) \(lib[^ ]*\)$/  {"\2", (void *) \&\2},/p'\'' -e '\''s/^[ABCDGIRSTW]* \([^ ]*\) \([^ ]*\)$/  {"lib\2", (void *) \&\2},/p'\'''
lt_cv_sys_global_symbol_to_cdecl='sed -n -e '\''s/^T .* \(.*\)$/extern int \1();/p'\'' -e '\''s/^[ABCDGIRSTW]* .* \(.*\)$/extern char \1;/p'\'''
lt_cv_sys_max_cmd_len=98304

## ----------------- ##
## Output variables. ##
## ----------------- ##

ACLOCAL='${SHELL} /home/jjourdin/vulture2/trunk/lib/modsecurity-apache_2.6.1/build/missing --run aclocal-1.11'
AIX_FALSE=''
AIX_TRUE='#'
AMDEPBACKSLASH='\'
AMDEP_FALSE='#'
AMDEP_TRUE=''
AMTAR='${SHELL} /home/jjourdin/vulture2/trunk/lib/modsecurity-apache_2.6.1/build/missing --run tar'
APR_CFLAGS=' -I/usr/include/apr-1.0 '
APR_CONFIG='/usr/bin/apr-1-config'
APR_CPPFLAGS=' -DLINUX=2 -D_REENTRANT -D_GNU_SOURCE -D_LARGEFILE64_SOURCE'
APR_LDADD=' /usr/lib/libapr-1.la'
APR_LDFLAGS=' -luuid -lrt -lcrypt  -lpthread -ldl'
APR_VERSION='1.2.12'
APU_CFLAGS=' -I/usr/include/apr-1.0 -I/usr/include/postgresql -I/usr/include/mysql'
APU_CONFIG='/usr/bin/apu-1-config'
APU_LDADD=' /usr/lib/libaprutil-1.la'
APU_LDFLAGS=' '
APU_VERSION='1.2.12'
APXS='/usr/bin/apxs2'
APXS_BINDIR='/usr/bin'
APXS_CC='i486-linux-gnu-gcc'
APXS_CFLAGS='-I/usr/include/apache2'
APXS_EXTRA_CFLAGS=' -Wc,-O2 -Wc,-g -Wc,-Wall'
APXS_HTTPD='/usr/sbin/apache2'
APXS_INCLUDEDIR='/usr/include/apache2'
APXS_INCLUDES='-I/usr/include/apache2  -I/usr/include/apache2 -I. -I/usr/include/apr-1.0 -I/usr/include/postgresql -I/usr/include/mysql'
APXS_LDFLAGS=''
APXS_LIBDIR='/usr/lib'
APXS_LIBEXECDIR='/usr/lib/apache2/modules'
APXS_LIBS='-L/usr/lib  -lm -L/usr/lib -lpcre'
APXS_LIBTOOL='/usr/share/apr-1.0/build/libtool --silent'
APXS_MODULES='/usr/lib/apache2/modules'
APXS_PROGNAME='apache2'
APXS_SBINDIR='/usr/sbin'
APXS_WRAPPER='build/apxs-wrapper'
AR='ar'
AUTOCONF='${SHELL} /home/jjourdin/vulture2/trunk/lib/modsecurity-apache_2.6.1/build/missing --run autoconf'
AUTOHEADER='${SHELL} /home/jjourdin/vulture2/trunk/lib/modsecurity-apache_2.6.1/build/missing --run autoheader'
AUTOMAKE='${SHELL} /home/jjourdin/vulture2/trunk/lib/modsecurity-apache_2.6.1/build/missing --run automake-1.11'
AWK='mawk'
BUILD_ALP2_FALSE=''
BUILD_ALP2_TRUE='#'
BUILD_APACHE2_MODULE_FALSE='#'
BUILD_APACHE2_MODULE_TRUE=''
BUILD_DOCS_FALSE=''
BUILD_DOCS_TRUE='#'
BUILD_MLOGC_FALSE='#'
BUILD_MLOGC_TRUE=''
BUILD_extentions_FALSE=''
BUILD_extentions_TRUE='#'
CC='gcc'
CCDEPMODE='depmode=gcc3'
CFLAGS='-g -O2'
CPP='gcc -E'
CPPFLAGS=''
CURL_CFLAGS=''
CURL_CONFIG='curl-config'
CURL_CPPFLAGS=''
CURL_LDADD=''
CURL_LDFLAGS=''
CURL_USES_GNUTLS=''
CURL_VERSION=''
CYGPATH_W='echo'
DEFS='-DHAVE_CONFIG_H'
DEPDIR='.deps'
DSYMUTIL=''
DUMPBIN=''
ECHO_C=''
ECHO_N='-n'
ECHO_T=''
EGREP='/bin/grep -E'
ENV_CMD='/usr/bin/env'
EXEEXT=''
EXTRA_CFLAGS='-O2 -g -Wall '
FGREP='/bin/grep -F'
FREEBSD_FALSE=''
FREEBSD_TRUE='#'
GREP='/bin/grep'
HPUX_FALSE=''
HPUX_TRUE='#'
INSTALL_DATA='${INSTALL} -m 644'
INSTALL_PROGRAM='${INSTALL}'
INSTALL_SCRIPT='${INSTALL}'
INSTALL_STRIP_PROGRAM='$(install_sh) -c -s'
LD='/usr/bin/ld'
LDFLAGS=''
LIBOBJS=''
LIBS=''
LIBTOOL='$(SHELL) $(top_builddir)/libtool'
LIBXML2_CFLAGS='-I/usr/include/libxml2'
LIBXML2_CONFIG='/usr/bin/xml2-config'
LIBXML2_CPPFLAGS=''
LIBXML2_LDADD='-lxml2'
LIBXML2_LDFLAGS=''
LIBXML2_VERSION='2.6.32'
LINUX_FALSE='#'
LINUX_TRUE=''
LIPO=''
LN_S='ln -s'
LTLIBOBJS=''
LUA_CFLAGS=''
LUA_LDADD=''
LUA_LDFLAGS=''
MACOSX_FALSE=''
MACOSX_TRUE='#'
MAKEINFO='${SHELL} /home/jjourdin/vulture2/trunk/lib/modsecurity-apache_2.6.1/build/missing --run makeinfo'
MKDIR_P='/bin/mkdir -p'
MODSEC_APXS_EXTRA_CFLAGS=''
MODSEC_EXTRA_CFLAGS=''
MSC_BASE_DIR='/home/jjourdin/vulture2/trunk/lib/modsecurity-apache_2.6.1'
MSC_PKGBASE_DIR='/home/jjourdin/vulture2/trunk/lib/modsecurity-apache_2.6.1/..'
MSC_REGRESSION_CONF_DIR='/home/jjourdin/vulture2/trunk/lib/modsecurity-apache_2.6.1/tests/regression/server_root/conf'
MSC_REGRESSION_DIR='/home/jjourdin/vulture2/trunk/lib/modsecurity-apache_2.6.1/tests/regression'
MSC_REGRESSION_DOCROOT_DIR='/home/jjourdin/vulture2/trunk/lib/modsecurity-apache_2.6.1/tests/regression/server_root/htdocs'
MSC_REGRESSION_LOGS_DIR='/home/jjourdin/vulture2/trunk/lib/modsecurity-apache_2.6.1/tests/regression/server_root/logs'
MSC_REGRESSION_SERVERROOT_DIR='/home/jjourdin/vulture2/trunk/lib/modsecurity-apache_2.6.1/tests/regression/server_root'
MSC_TEST_DIR='/home/jjourdin/vulture2/trunk/lib/modsecurity-apache_2.6.1/tests'
NETBSD_FALSE=''
NETBSD_TRUE='#'
NM='/usr/bin/nm -B'
NMEDIT=''
OBJDUMP='objdump'
OBJEXT='o'
OPENBSD_FALSE=''
OPENBSD_TRUE='#'
OTOOL64=''
OTOOL=''
PACKAGE='modsecurity'
PACKAGE_BUGREPORT='support@modsecurity.org'
PACKAGE_NAME='modsecurity'
PACKAGE_STRING='modsecurity 2.6'
PACKAGE_TARNAME='modsecurity'
PACKAGE_URL=''
PACKAGE_VERSION='2.6'
PATH_SEPARATOR=':'
PCRE_CFLAGS=''
PCRE_CONFIG='/usr/bin/pcre-config'
PCRE_CPPFLAGS=''
PCRE_LDADD='-L/usr/lib -lpcre'
PCRE_LDFLAGS=''
PCRE_VERSION='7.6'
PERL='/usr/bin/perl'
PKG_CONFIG=''
RANLIB='ranlib'
SED='/bin/sed'
SET_MAKE=''
SHELL='/bin/sh'
SOLARIS_FALSE=''
SOLARIS_TRUE='#'
STRIP='strip'
TOPLEVEL_SUBDIRS='tools apache2 mlogc'
VERSION='2.6'
ac_ct_CC='gcc'
ac_ct_DUMPBIN=''
am__EXEEXT_FALSE=''
am__EXEEXT_TRUE='#'
am__fastdepCC_FALSE='#'
am__fastdepCC_TRUE=''
am__include='include'
am__isrc=''
am__leading_dot='.'
am__quote=''
am__tar='${AMTAR} chof - "$$tardir"'
am__untar='${AMTAR} xf -'
bindir='${exec_prefix}/bin'
build='i686-pc-linux-gnu'
build_alias=''
build_cpu='i686'
build_os='linux-gnu'
build_vendor='pc'
datadir='${datarootdir}'
datarootdir='${prefix}/share'
docdir='${datarootdir}/doc/${PACKAGE_TARNAME}'
dvidir='${docdir}'
exec_prefix='/opt//vulture'
host='i686-pc-linux-gnu'
host_alias=''
host_cpu='i686'
host_os='linux-gnu'
host_vendor='pc'
htmldir='${docdir}'
includedir='${prefix}/include'
infodir='${datarootdir}/info'
install_sh='${SHELL} /home/jjourdin/vulture2/trunk/lib/modsecurity-apache_2.6.1/build/install-sh'
libdir='${exec_prefix}/lib'
libexecdir='${exec_prefix}/libexec'
localedir='${datarootdir}/locale'
localstatedir='${prefix}/var'
lt_ECHO='echo'
mandir='${datarootdir}/man'
mkdir_p='/bin/mkdir -p'
oldincludedir='/usr/include'
pdfdir='${docdir}'
prefix='/opt//vulture'
program_transform_name='s,x,x,'
psdir='${docdir}'
sbindir='${exec_prefix}/sbin'
sharedstatedir='${prefix}/com'
sysconfdir='${prefix}/etc'
target_alias=''

## ----------- ##
## confdefs.h. ##
## ----------- ##

/* confdefs.h */
#define PACKAGE_NAME "modsecurity"
#define PACKAGE_TARNAME "modsecurity"
#define PACKAGE_VERSION "2.6"
#define PACKAGE_STRING "modsecurity 2.6"
#define PACKAGE_BUGREPORT "support@modsecurity.org"
#define PACKAGE_URL ""
#define PACKAGE "modsecurity"
#define VERSION "2.6"
#define STDC_HEADERS 1
#define HAVE_SYS_TYPES_H 1
#define HAVE_SYS_STAT_H 1
#define HAVE_STDLIB_H 1
#define HAVE_STRING_H 1
#define HAVE_MEMORY_H 1
#define HAVE_STRINGS_H 1
#define HAVE_INTTYPES_H 1
#define HAVE_STDINT_H 1
#define HAVE_UNISTD_H 1
#define HAVE_DLFCN_H 1
#define LT_OBJDIR ".libs/"
#define STDC_HEADERS 1
#define HAVE_FCNTL_H 1
#define HAVE_LIMITS_H 1
#define HAVE_STDLIB_H 1
#define HAVE_STRING_H 1
#define HAVE_UNISTD_H 1
#define HAVE_SYS_TYPES_H 1
#define HAVE_SYS_STAT_H 1
#define restrict __restrict
#define HAVE_STDLIB_H 1
#define HAVE_MALLOC 1
#define HAVE_ATEXIT 1
#define HAVE_GETCWD 1
#define HAVE_MEMMOVE 1
#define HAVE_MEMSET 1
#define HAVE_STRCASECMP 1
#define HAVE_STRCHR 1
#define HAVE_STRDUP 1
#define HAVE_STRERROR 1
#define HAVE_STRNCASECMP 1
#define HAVE_STRRCHR 1
#define HAVE_STRSTR 1
#define HAVE_STRTOL 1
#define HAVE_FCHMOD 1

configure: exit 0
